Started
[Fri Jun 12 12:06:42 UTC 2020] Starting branch indexing...
 > git --version # timeout=10
 > git ls-remote --symref -- https://github.com/vady-htop/rails-k8.git # timeout=10
 > git rev-parse --is-inside-work-tree # timeout=10
Setting origin to https://github.com/vady-htop/rails-k8.git
 > git config remote.origin.url https://github.com/vady-htop/rails-k8.git # timeout=10
Fetching & pruning origin...
Listing remote references...
 > git config --get remote.origin.url # timeout=10
 > git --version # timeout=10
 > git ls-remote -h -- https://github.com/vady-htop/rails-k8.git # timeout=10
Fetching upstream changes from origin
 > git config --get remote.origin.url # timeout=10
 > git fetch --tags --progress --prune -- origin +refs/heads/*:refs/remotes/origin/* # timeout=10
Checking branches...
  Checking branch master
      ‘Jenkinsfile’ found
    Met criteria
Scheduled build for branch: master
Processed 1 branches
[Fri Jun 12 12:06:57 UTC 2020] Finished branch indexing. Indexing took 14 sec
Finished: SUCCESS
